Arguments: 
  /Users/shenxiuyun/.nvm/versions/node/v11.7.0/bin/node /Users/shenxiuyun/.yarn/bin/yarn.js add webpack-bundle-analyzer -D

PATH: 
  /Users/shenxiuyun/.yarn/bin:/Users/shenxiuyun/.config/yarn/global/node_modules/.bin:/Users/shenxiuyun/Downloads/apache-maven-3.6.0/bin:/Users/shenxiuyun/.nvm/versions/node/v11.7.0/bin:/usr/local/bin:/usr/bin:/bin:/usr/sbin:/sbin:/Users/shenxiuyun/.yarn/bin:/Users/shenxiuyun/.config/yarn/global/node_modules/.bin:/Users/shenxiuyun/Downloads/apache-maven-3.6.0/bin

Yarn version: 
  1.13.0

Node version: 
  11.7.0

Platform: 
  darwin x64

Trace: 
  Error: ENOENT: no such file or directory, copyfile '/Users/shenxiuyun/Library/Caches/Yarn/v4/npm-inherits-2.0.1-b17d08d326b4423e568eff719f91b0b1cbdf69f1/node_modules/inherits/LICENSE' -> '/Users/shenxiuyun/Documents/me/react-antd-app/node_modules/assert/node_modules/inherits/LICENSE'

npm manifest: 
  {
    "name": "react-app",
    "version": "1.0.0",
    "description": "",
    "main": "index.js",
    "scripts": {
      "test": "n",
      "start": "webpack-dev-server --mode development --config ./webpack.dev.config.js",
      "build": "webpack --mode production --config ./webpack.prod.config.js"
    },
    "author": "sxy",
    "license": "ISC",
    "devDependencies": {
      "babel-core": "^6.26.3",
      "babel-loader": "^7.1.5",
      "babel-plugin-import": "^1.11.0",
      "babel-preset-es2015": "^6.24.1",
      "babel-preset-react": "^6.24.1",
      "babel-preset-stage-0": "^6.24.1",
      "clean-webpack-plugin": "^1.0.0",
      "copy-webpack-plugin": "^5.0.4",
      "css-loader": "^2.0.0",
      "html-webpack-plugin": "^3.2.0",
      "less": "^3.9.0",
      "less-loader": "^4.1.0",
      "style-loader": "^0.23.1",
      "webpack": "^4.27.1",
      "webpack-bundle-analyzer": "^3.4.1",
      "webpack-cli": "^3.1.2",
      "webpack-dev-server": "^3.1.10",
      "webpack-merge": "^4.2.2"
    },
    "dependencies": {
      "antd": "^3.11.0",
      "axios": "^0.19.0",
      "express": "^4.16.4",
      "react": "^16.6.3",
      "react-dom": "^16.6.3",
      "react-redux": "^6.0.0",
      "react-router": "^4.3.1",
      "react-router-dom": "^4.3.1",
      "redux": "^4.0.1"
    }
  }

yarn manifest: 
  No manifest

Lockfile: 
  No lockfile
